#-----------------------------------------------------------
# Vivado v2019.2.1 (64-bit)
# SW Build 2729669 on Thu Dec  5 04:49:17 MST 2019
# IP Build 2729494 on Thu Dec  5 07:38:25 MST 2019
# Start of session at: Thu Apr  9 11:01:15 2020
# Process ID: 13660
# Current directory: C:/Programs/Lab2_part2GuevaraNishioka
# Command line: vivado.exe -gui_launcher_event rodinguilauncherevent16312 C:\Programs\Lab2_part2GuevaraNishioka\Lab2_part2GuevaraNishioka.xpr
# Log file: C:/Programs/Lab2_part2GuevaraNishioka/vivado.log
# Journal file: C:/Programs/Lab2_part2GuevaraNishioka\vivado.jou
#-----------------------------------------------------------
start_gui
open_project C:/Programs/Lab2_part2GuevaraNishioka/Lab2_part2GuevaraNishioka.xpr
CRITICAL WARNING: [Project 1-19] Could not find the file 'C:/Users/Raymond Guevara/Desktop/FinallyThere/FA.vhd'.
CRITICAL WARNING: [Project 1-19] Could not find the file 'C:/Users/Raymond Guevara/Desktop/FinallyThere/adder_subtractor_tb.vhd'.
Scanning sources...
Finished scanning sources
INFO: [IP_Flow 19-234] Refreshing IP repositories
INFO: [IP_Flow 19-1704] No user IP repositories specified
INFO: [IP_Flow 19-2313] Loaded Vivado IP repository 'C:/Xilinx/Vivado/2019.2/data/ip'.
open_project: Time (s): cpu = 00:00:16 ; elapsed = 00:00:08 . Memory (MB): peak = 796.426 ; gain = 137.230
update_compile_order -fileset sim_1
update_compile_order -fileset sources_1
exit
INFO: [Common 17-206] Exiting Vivado at Thu Apr  9 11:05:35 2020...
