#-----------------------------------------------------------
# Vivado v2019.2.1 (64-bit)
# SW Build 2729669 on Thu Dec  5 04:49:17 MST 2019
# IP Build 2729494 on Thu Dec  5 07:38:25 MST 2019
# Start of session at: Tue Mar 10 11:55:26 2020
# Process ID: 15888
# Current directory: C:/Programs/Lab3_ALU_NishiokaGuevara
# Command line: vivado.exe -gui_launcher_event rodinguilauncherevent5028 C:\Programs\Lab3_ALU_NishiokaGuevara\Lab3_ALU_NishiokaGuevara.xpr
# Log file: C:/Programs/Lab3_ALU_NishiokaGuevara/vivado.log
# Journal file: C:/Programs/Lab3_ALU_NishiokaGuevara\vivado.jou
#-----------------------------------------------------------
start_gui
open_project C:/Programs/Lab3_ALU_NishiokaGuevara/Lab3_ALU_NishiokaGuevara.xpr
Scanning sources...
Finished scanning sources
INFO: [IP_Flow 19-234] Refreshing IP repositories
INFO: [IP_Flow 19-1704] No user IP repositories specified
INFO: [IP_Flow 19-2313] Loaded Vivado IP repository 'C:/Xilinx/Vivado/2019.2/data/ip'.
open_project: Time (s): cpu = 00:00:14 ; elapsed = 00:00:06 . Memory (MB): peak = 769.316 ; gain = 134.668
update_compile_order -fileset sources_1exit
INFO: [Common 17-206] Exiting Vivado at Tue Mar 10 11:56:20 2020...
nching behavioral simulation in 'C:/Programs/Lab3_ALU_NishiokaGuevara/Lab3_ALU_NishiokaGuevara.sim/sim_1/behav/xsim'
INFO: [SIM-utils-51] Simulation object is 'sim_1'
INFO: [SIM-utils-54] Inspecting design source files for 'ALUtb' in fileset 'sim_1'...
INFO: [USF-XSim-97] Finding global include files...
INFO: [USF-XSim-98] Fetching design files from 'sim_1'...
INFO: [USF-XSim-2] XSim::Compile design
INFO: [USF-XSim-61] Executing 'COMPILE and ANALYZE' step in 'C:/Programs/Lab3_ALU_NishiokaGuevara/Lab3_ALU_NishiokaGuevara.sim/sim_1/behav/xsim'
"xvhdl --incr --relax -prj ALUtb_vhdl.prj"
INFO: [USF-XSim-69] 'compile' step finished in '1' seconds
INFO: [USF-XSim-3] XSim::Elaborate design
INFO: [USF-XSim-61] Executing 'ELABORATE' step in 'C:/Programs/Lab3_ALU_NishiokaGuevara/Lab3_ALU_NishiokaGuevara.sim/sim_1/behav/xsim'
"xelab -wto d4f053cfbb2647e4b3b805ab91a16891 --incr --debug typical --relax --mt 2 -L xil_defaultlib -L secureip --snapshot ALUtb_behav xil_defaultlib.ALUtb -log elaborate.log"
Vivado Simulator 2019.2
Copyright 1986-1999, 2001-2019 Xilinx, Inc. All Rights Reserved.
Running: C:/Xilinx/Vivado/2019.2/bin/unwrapped/win64.o/xelab.exe -wto d4f053cfbb2647e4b3b805ab91a16891 --incr --debug typical --relax --mt 2 -L xil_defaultlib -L secureip --snapshot ALUtb_behav xil_defaultlib.ALUtb -log elaborate.log 
Using 2 slave threads.
Starting static elaboration
Completed static elaboration
INFO: [XSIM 43-4323] No Change in HDL. Linking previously generated obj files to create kernel
INFO: [USF-XSim-69] 'elaborate' step finished in '2' seconds
INFO: [USF-XSim-4] XSim::Simulate design
INFO: [USF-XSim-61] Executing 'SIMULATE' step in 'C:/Programs/Lab3_ALU_NishiokaGuevara/Lab3_ALU_NishiokaGuevara.sim/sim_1/behav/xsim'
INFO: [USF-XSim-98] *** Running xsim
   with args "ALUtb_behav -key {Behavioral:sim_1:Functional:ALUtb} -tclbatch {ALUtb.tcl} -log {simulate.log}"
INFO: [USF-XSim-8] Loading simulator feature
Vivado Simulator 2019.2
Time resolution is 1 ps
source ALUtb.tcl
# set curr_wave [current_wave_config]
# if { [string length $curr_wave] == 0 } {
#   if { [llength [get_objects]] > 0} {
#     add_wave /
#     set_property needs_save false [current_wave_config]
#   } else {
#      send_msg_id Add_Wave-1 WARNING "No top level signals found. Simulator will start without a wave window. If you want to open a wave window go to 'File->New Waveform Configuration' or type 'create_wave_config' in the TCL console."
#   }
# }
# run 1000ns
INFO: [USF-XSim-96] XSim completed. Design snapshot 'ALUtb_behav' loaded.
INFO: [USF-XSim-97] XSim simulation ran for 1000ns
launch_simulation: Time (s): cpu = 00:00:09 ; elapsed = 00:00:08 . Memory (MB): peak = 797.441 ; gain = 16.555
close_sim
INFO: [Simtcl 6-16] Simulation closed
exit
INFO: [Common 17-206] Exiting Vivado at Tue Mar 10 11:56:17 2020...
