#-----------------------------------------------------------
# Vivado v2019.2.1 (64-bit)
# SW Build 2729669 on Thu Dec  5 04:49:17 MST 2019
# IP Build 2729494 on Thu Dec  5 07:38:25 MST 2019
# Start of session at: Mon Apr 13 23:33:36 2020
# Process ID: 3304
# Current directory: C:/Programs/lab4_341
# Command line: vivado.exe -gui_launcher_event rodinguilauncherevent6828 C:\Programs\lab4_341\lab4_341.xpr
# Log file: C:/Programs/lab4_341/vivado.log
# Journal file: C:/Programs/lab4_341\vivado.jou
#-----------------------------------------------------------
start_gui
open_project C:/Programs/lab4_341/lab4_341.xpr
Scanning sources...
Finished scanning sources
INFO: [IP_Flow 19-234] Refreshing IP repositories
INFO: [IP_Flow 19-1704] No user IP repositories specified
INFO: [IP_Flow 19-2313] Loaded Vivado IP repository 'C:/Xilinx/Vivado/2019.2/data/ip'.
open_project: Time (s): cpu = 00:00:16 ; elapsed = 00:00:07 . Memory (MB): peak = 754.297 ; gain = 127.426
update_compile_order -fileset sources_1
exit
INFO: [Common 17-206] Exiting Vivado at Mon Apr 13 23:34:31 2020...
_1/design_1.bd}
Adding component instance block -- xilinx.com:module_ref:ALU:1.0 - ALU_0
Adding component instance block -- xilinx.com:module_ref:alu_control:1.0 - alu_control_0
Adding component instance block -- xilinx.com:module_ref:controlUnit:1.0 - controlUnit_0
Adding component instance block -- xilinx.com:module_ref:instmem:1.0 - instmem_0
Adding component instance block -- xilinx.com:module_ref:programCounter:1.0 - programCounter_0
Adding component instance block -- xilinx.com:module_ref:programCounterADD:1.0 - programCounterADD_0
Adding component instance block -- xilinx.com:module_ref:regfile:1.0 - regfile_0
Adding component instance block -- xilinx.com:ip:xlslice:1.0 - xlslice_0
Adding component instance block -- xilinx.com:ip:xlslice:1.0 - xlslice_1
Adding component instance block -- xilinx.com:ip:xlslice:1.0 - xlslice_2
Adding component instance block -- xilinx.com:ip:xlslice:1.0 - xlslice_3
Adding component instance block -- xilinx.com:ip:xlslice:1.0 - xlslice_4
Successfully read diagram <design_1> from BD file <C:/Programs/lab4_341/lab4_341.srcs/sources_1/bd/design_1/design_1.bd>
exit
INFO: [Common 17-206] Exiting Vivado at Mon Apr 13 23:34:26 2020...
