Vivado Simulator 2019.2
Copyright 1986-1999, 2001-2019 Xilinx, Inc. All Rights Reserved.
Running: C:/Xilinx/Vivado/2019.2/bin/unwrapped/win64.o/xelab.exe -wto bdf17d89c61642018dfbd673b5c60cfa --incr --debug typical --relax --mt 2 -L xil_defaultlib -L xlslice_v1_0_2 -L xlconstant_v1_1_6 -L xlconcat_v2_1_3 -L unisims_ver -L unimacro_ver -L secureip -L xpm --snapshot adder_subtractor_tb_behav xil_defaultlib.adder_subtractor_tb xil_defaultlib.glbl -log elaborate.log 
Using 2 slave threads.
Starting static elaboration
Pass Through NonSizing Optimizer
Completed static elaboration
Starting simulation data flow analysis
Completed simulation data flow analysis
Time Resolution for simulation is 1ps
Compiling package std.standard
Compiling package std.textio
Compiling package ieee.std_logic_1164
Compiling package ieee.numeric_std
Compiling package unisim.vcomponents
Compiling package vl.vl_types
Compiling module xil_defaultlib.glbl
Compiling architecture behavioral of entity xil_defaultlib.FA [fa_default]
Compiling architecture adder_subtractor_4bit_fa_0_0_arch of entity xil_defaultlib.adder_subtractor_4bit_FA_0_0 [adder_subtractor_4bit_fa_0_0_def...]
Compiling architecture adder_subtractor_4bit_fa_0_1_arch of entity xil_defaultlib.adder_subtractor_4bit_FA_0_1 [adder_subtractor_4bit_fa_0_1_def...]
Compiling architecture adder_subtractor_4bit_fa_0_2_arch of entity xil_defaultlib.adder_subtractor_4bit_FA_0_2 [adder_subtractor_4bit_fa_0_2_def...]
Compiling architecture adder_subtractor_4bit_fa_0_3_arch of entity xil_defaultlib.adder_subtractor_4bit_FA_0_3 [adder_subtractor_4bit_fa_0_3_def...]
Compiling module xlconcat_v2_1_3.xlconcat_v2_1_3_xlconcat(dout_wi...
Compiling module xil_defaultlib.adder_subtractor_4bit_xlconcat_0...
Compiling module xlconstant_v1_1_6.xlconstant_v1_1_6_xlconstant(CON...
Compiling module xil_defaultlib.adder_subtractor_4bit_xlconstant...
Compiling module xlslice_v1_0_2.xlslice_v1_0_2_xlslice(DIN_WIDTH...
Compiling module xil_defaultlib.adder_subtractor_4bit_xlslice_0_...
Compiling module xil_defaultlib.adder_subtractor_4bit_xlslice_0_...
Compiling module xil_defaultlib.adder_subtractor_4bit_xlslice_0_...
Compiling module xil_defaultlib.adder_subtractor_4bit_xlslice_0_...
Compiling module xil_defaultlib.adder_subtractor_4bit_xlslice_0_...
Compiling module xil_defaultlib.adder_subtractor_4bit_xlslice_0_...
Compiling module xil_defaultlib.adder_subtractor_4bit_xlslice_0_...
Compiling module xil_defaultlib.adder_subtractor_4bit_xlslice_0_...
Compiling architecture structure of entity xil_defaultlib.adder_subtractor_4bit [adder_subtractor_4bit_default]
Compiling architecture structure of entity xil_defaultlib.adder_subtractor_4bit_wrapper [adder_subtractor_4bit_wrapper_de...]
Compiling architecture behavioral of entity xil_defaultlib.adder_subtractor_tb
Built simulation snapshot adder_subtractor_tb_behav
